<?xml version="1.0" encoding="utf-8"?><testsuites><testsuite name="pytest" errors="0" failures="0" skipped="0" tests="5" time="0.208" timestamp="2024-05-06T21:39:45.962247" hostname="DESKTOP-0NIQIBB"><testcase classname="tests.test_bytebank.TestClass" name="test_quando_idade_recebe_13_03_2000_deve_retornar_22" time="0.007" /><testcase classname="tests.test_bytebank.TestClass" name="test_quando_sobrenome__recebe_Luciano_Felipe_Pedroso_deve_retornar_Pedroso" time="0.002" /><testcase classname="tests.test_bytebank.TestClass" name="test_quando_decrescimo_salario_recebe_100000_deve_retornar_90000" time="0.002" /><testcase classname="tests.test_bytebank.TestClass" name="test_calcular_bonus_salrio_100" time="0.002" /><testcase classname="tests.test_bytebank.TestClass" name="test_quando_calcular_bonus_recebe_salario_maior_1000_deve_retornar_exeception" time="0.003" /></testsuite></testsuites>